<?xml version="1.0" encoding="UTF-8"?>
<!-- Generated by org.testng.reporters.JUnitReportReporter -->
<testsuite hostname="MBP14deKhadim" failures="0" tests="3" name="alerts.AlertTests" time="2.298" errors="0" timestamp="06 oct. 2023 15:46:01 GMT" skipped="0">
  <testcase classname="alerts.AlertTests" name="testGetTextFromAlert" time="1.391"/>
  <testcase classname="alerts.AlertTests" name="testSetInputInAlert" time="0.442"/>
  <testcase classname="alerts.AlertTests" name="testAcceptAlert" time="0.465"/>
</testsuite> <!-- alerts.AlertTests -->
