<?xml version="1.0" encoding="UTF-8"?>
<!-- Generated by org.testng.reporters.JUnitReportReporter -->
<testsuite hostname="MBP14deKhadim" failures="0" tests="1" name="keys.KeysTests" time="0.498" errors="0" timestamp="06 oct. 2023 15:46:01 GMT" skipped="0">
  <testcase classname="keys.KeysTests" name="TestBackspace" time="0.498"/>
</testsuite> <!-- keys.KeysTests -->
