<?xml version="1.0" encoding="UTF-8"?>
<!-- Generated by org.testng.reporters.JUnitReportReporter -->
<testsuite hostname="MBP14deKhadim" failures="0" tests="1" name="hover.HoverTests" time="0.783" errors="0" timestamp="06 oct. 2023 15:46:01 GMT" skipped="0">
  <testcase classname="hover.HoverTests" name="TestHoverUser1" time="0.783"/>
</testsuite> <!-- hover.HoverTests -->
